17:11:01 **** Incremental Build of configuration Debug for project app_osek_blinky ****
make pre-build main-build 
rm ../out/src/*.* ../out/inc/*.* ; php ../osek/generator/generator.php --cmdline -l -v -c ../etc/config.oil -f ../osek/gen/inc/Os_Internal_Cfg.h.php  ../osek/gen/inc/Os_Cfg.h.php  ../osek/gen/src/Os_Cfg.c.php  ../osek/gen/src/Os_Internal_Cfg.c.php  ../osek/gen/src/cortexM4/Os_Internal_Arch_Cfg.c.php ../osek/gen/inc/cortexM4/Os_Internal_Arch_Cfg.h.php -o ../out/

ciaaFirmware RTOS Generator - Copyright 2008, 2009, Mariano Cerdeiro
                              Copyright 2014, ACSE & CADIEEL
         ACSE : http://www.sase.com.ar/asociacion-civil-sistemas-embebidos/ciaa/
         CADIEEL: http://www.cadieel.org.ar

INFO: the generator was called as follow:
INFO: ../osek/generator/generator.php --cmdline -l -v -c ../etc/config.oil -f ../osek/gen/inc/Os_Internal_Cfg.h.php ../osek/gen/inc/Os_Cfg.h.php ../osek/gen/src/Os_Cfg.c.php ../osek/gen/src/Os_Internal_Cfg.c.php ../osek/gen/src/cortexM4/Os_Internal_Arch_Cfg.c.php ../osek/gen/inc/cortexM4/Os_Internal_Arch_Cfg.h.php -o ../out/ 
INFO: ------ LICENSE START ------
INFO: This file is part of CIAA Firmware.
INFO: Redistribution and use in source and binary forms, with or without
INFO: modification, are permitted provided that the following conditions are met:
INFO: 1. Redistributions of source code must retain the above copyright notice,
INFO: this list of conditions and the following disclaimer.
INFO: 2. Redistributions in binary form must reproduce the above copyright notice,
INFO: this list of conditions and the following disclaimer in the documentation
INFO: and/or other materials provided with the distribution.
INFO: 3. Neither the name of the copyright holder nor the names of its
INFO: contributors may be used to endorse or promote products derived from this
INFO: software without specific prior written permission.
INFO: THIS SOFTWARE IS PROVIDED BY THE COPYRIGHT HOLDERS AND CONTRIBUTORS "AS IS"
INFO: AND ANY EXPRESS OR IMPLIED WARRANTIES, INCLUDING, BUT NOT LIMITED TO, THE
INFO: IMPLIED WARRANTIES OF MERCHANTABILITY AND FITNESS FOR A PARTICULAR PURPOSE
INFO: ARE DISCLAIMED. IN NO EVENT SHALL THE COPYRIGHT HOLDER OR CONTRIBUTORS BE
INFO: LIABLE FOR ANY DIRECT, INDIRECT, INCIDENTAL, SPECIAL, EXEMPLARY, OR
INFO: CONSEQUENTIAL DAMAGES (INCLUDING, BUT NOT LIMITED TO, PROCUREMENT OF
INFO: SUBSTITUTE GOODS OR SERVICES; LOSS OF USE, DATA, OR PROFITS; OR BUSINESS
INFO: INTERRUPTION) HOWEVER CAUSED AND ON ANY THEORY OF LIABILITY, WHETHER IN
INFO: CONTRACT, STRICT LIABILITY, OR TORT (INCLUDING NEGLIGENCE OR OTHERWISE)
INFO: ARISING IN ANY WAY OUT OF THE USE OF THIS SOFTWARE, EVEN IF ADVISED OF THE
INFO: POSSIBILITY OF SUCH DAMAGE.
INFO: ------- LICENSE END -------
INFO: list of configuration files:
INFO: configuration file 1: ../etc/config.oil
INFO: list of files to be generated:
INFO: generated file 1: ../osek/gen/inc/Os_Internal_Cfg.h.php
INFO: generated file 2: ../osek/gen/inc/Os_Cfg.h.php
INFO: generated file 3: ../osek/gen/src/Os_Cfg.c.php
INFO: generated file 4: ../osek/gen/src/Os_Internal_Cfg.c.php
INFO: generated file 5: ../osek/gen/src/cortexM4/Os_Internal_Arch_Cfg.c.php
INFO: generated file 6: ../osek/gen/inc/cortexM4/Os_Internal_Arch_Cfg.h.php
INFO: output directory: ../out/
INFO: reading ../etc/config.oil
INFO: generating ../osek/gen/inc/Os_Internal_Cfg.h.php to ../out//inc/Os_Internal_Cfg.h
INFO: generating ../osek/gen/inc/Os_Cfg.h.php to ../out//inc/Os_Cfg.h
INFO: generating ../osek/gen/src/Os_Cfg.c.php to ../out//src/Os_Cfg.c
INFO: generating ../osek/gen/src/Os_Internal_Cfg.c.php to ../out//src/Os_Internal_Cfg.c
INFO: generating ../osek/gen/src/cortexM4/Os_Internal_Arch_Cfg.c.php to ../out//src/cortexM4/Os_Internal_Arch_Cfg.c
INFO: generating ../osek/gen/inc/cortexM4/Os_Internal_Arch_Cfg.h.php to ../out//inc/cortexM4/Os_Internal_Arch_Cfg.h
INFO: Generation Finished with WARNINGS: 0 and ERRORS: 0
 
make: Nothing to be done for `main-build'.

17:11:01 Build Finished (took 110ms)

